{
  "RSpec": {
    "coverage": {
      "/Users/celinekaslin/Desktop/MakersProject/week4/messaging_app/app.rb": [
        1,
        null,
        1,
        null,
        1,
        1,
        1,
        null,
        1,
        null,
        1,
        11,
        11,
        null,
        null,
        1,
        4,
        4,
        null,
        null,
        1,
        4,
        4,
        null,
        null,
        1,
        1,
        1,
        null,
        null,
        null
      ],
      "/Users/celinekaslin/Desktop/MakersProject/week4/messaging_app/lib/message.rb": [
        1,
        null,
        1,
        null,
        1,
        null,
        1,
        1,
        1,
        null,
        null,
        null,
        null
      ],
      "/Users/celinekaslin/Desktop/MakersProject/week4/messaging_app/config/datamapper.rb": [
        1,
        1,
        null,
        1,
        null,
        1,
        null,
        1,
        null,
        1
      ],
      "/Users/celinekaslin/Desktop/MakersProject/week4/messaging_app/views/web_helpers.rb": [
        1,
        1,
        1,
        1,
        1,
        null
      ],
      "/Users/celinekaslin/Desktop/MakersProject/week4/messaging_app/spec/features/messages_spec.rb": [
        1,
        1,
        1,
        1,
        null,
        null,
        1,
        1,
        1,
        1,
        null,
        null,
        1,
        1,
        1,
        1,
        1,
        1,
        1,
        null,
        null,
        1,
        1,
        1,
        1,
        1,
        1,
        1,
        1,
        null,
        null,
        1,
        1,
        1,
        1,
        1,
        1,
        1,
        1,
        1,
        null,
        null,
        null
      ],
      "/Users/celinekaslin/Desktop/MakersProject/week4/messaging_app/spec/message_spec.rb": [
        1,
        null,
        1,
        null,
        1,
        1,
        1,
        null,
        null,
        null
      ]
    },
    "timestamp": 1546619670
  }
}
